Copyright 1986-2020 Xilinx, Inc. All Rights Reserved.
--------------------------------------------------------------------------------------------------------------------------------------------------------------
| Tool Version : Vivado v.2020.2 (win64) Build 3064766 Wed Nov 18 09:12:45 MST 2020
| Date         : Fri Mar 28 17:02:35 2025
| Host         : DESKTOP-7CFQ9ND running 64-bit major release  (build 9200)
| Command      : report_methodology -file Real_Top_methodology_drc_routed.rpt -pb Real_Top_methodology_drc_routed.pb -rpx Real_Top_methodology_drc_routed.rpx
| Design       : Real_Top
| Device       : xc7a35tcpg236-1
| Speed File   : -1
| Design State : Fully Routed
--------------------------------------------------------------------------------------------------------------------------------------------------------------

Report Methodology

Table of Contents
-----------------
1. REPORT SUMMARY
2. REPORT DETAILS

1. REPORT SUMMARY
-----------------
            Netlist: netlist
          Floorplan: design_1
      Design limits: <entire design considered>
             Max violations: <unlimited>
             Violations found: 81
+-----------+------------------+-------------------------------+------------+
| Rule      | Severity         | Description                   | Violations |
+-----------+------------------+-------------------------------+------------+
| TIMING-17 | Critical Warning | Non-clocked sequential cell   | 43         |
| TIMING-18 | Warning          | Missing input or output delay | 6          |
| TIMING-20 | Warning          | Non-clocked latch             | 32         |
+-----------+------------------+-------------------------------+------------+

2. REPORT DETAILS
-----------------
TIMING-17#1 Critical Warning
Non-clocked sequential cell  
The clock pin U_Fnd_Ctrl/U_counter_8/r_counter_reg[0]/C is not reached by a timing clock
Related violations: <none>

TIMING-17#2 Critical Warning
Non-clocked sequential cell  
The clock pin U_Fnd_Ctrl/U_counter_8/r_counter_reg[1]/C is not reached by a timing clock
Related violations: <none>

TIMING-17#3 Critical Warning
Non-clocked sequential cell  
The clock pin U_Fnd_Ctrl/U_counter_8/r_counter_reg[2]/C is not reached by a timing clock
Related violations: <none>

TIMING-17#4 Critical Warning
Non-clocked sequential cell  
The clock pin u_top_stopwatch/U_Btn_Clear_DB/q_reg_reg[0]/C is not reached by a timing clock
Related violations: <none>

TIMING-17#5 Critical Warning
Non-clocked sequential cell  
The clock pin u_top_stopwatch/U_Btn_Clear_DB/q_reg_reg[1]/C is not reached by a timing clock
Related violations: <none>

TIMING-17#6 Critical Warning
Non-clocked sequential cell  
The clock pin u_top_stopwatch/U_Btn_Clear_DB/q_reg_reg[2]/C is not reached by a timing clock
Related violations: <none>

TIMING-17#7 Critical Warning
Non-clocked sequential cell  
The clock pin u_top_stopwatch/U_Btn_Clear_DB/q_reg_reg[3]/C is not reached by a timing clock
Related violations: <none>

TIMING-17#8 Critical Warning
Non-clocked sequential cell  
The clock pin u_top_stopwatch/U_Btn_Clear_DB/q_reg_reg[4]/C is not reached by a timing clock
Related violations: <none>

TIMING-17#9 Critical Warning
Non-clocked sequential cell  
The clock pin u_top_stopwatch/U_Btn_Clear_DB/q_reg_reg[5]/C is not reached by a timing clock
Related violations: <none>

TIMING-17#10 Critical Warning
Non-clocked sequential cell  
The clock pin u_top_stopwatch/U_Btn_Clear_DB/q_reg_reg[6]/C is not reached by a timing clock
Related violations: <none>

TIMING-17#11 Critical Warning
Non-clocked sequential cell  
The clock pin u_top_stopwatch/U_Btn_Clear_DB/q_reg_reg[7]/C is not reached by a timing clock
Related violations: <none>

TIMING-17#12 Critical Warning
Non-clocked sequential cell  
The clock pin u_top_stopwatch/U_Btn_Hour_DB/q_reg_reg[0]/C is not reached by a timing clock
Related violations: <none>

TIMING-17#13 Critical Warning
Non-clocked sequential cell  
The clock pin u_top_stopwatch/U_Btn_Hour_DB/q_reg_reg[1]/C is not reached by a timing clock
Related violations: <none>

TIMING-17#14 Critical Warning
Non-clocked sequential cell  
The clock pin u_top_stopwatch/U_Btn_Hour_DB/q_reg_reg[2]/C is not reached by a timing clock
Related violations: <none>

TIMING-17#15 Critical Warning
Non-clocked sequential cell  
The clock pin u_top_stopwatch/U_Btn_Hour_DB/q_reg_reg[3]/C is not reached by a timing clock
Related violations: <none>

TIMING-17#16 Critical Warning
Non-clocked sequential cell  
The clock pin u_top_stopwatch/U_Btn_Hour_DB/q_reg_reg[4]/C is not reached by a timing clock
Related violations: <none>

TIMING-17#17 Critical Warning
Non-clocked sequential cell  
The clock pin u_top_stopwatch/U_Btn_Hour_DB/q_reg_reg[5]/C is not reached by a timing clock
Related violations: <none>

TIMING-17#18 Critical Warning
Non-clocked sequential cell  
The clock pin u_top_stopwatch/U_Btn_Hour_DB/q_reg_reg[6]/C is not reached by a timing clock
Related violations: <none>

TIMING-17#19 Critical Warning
Non-clocked sequential cell  
The clock pin u_top_stopwatch/U_Btn_Hour_DB/q_reg_reg[7]/C is not reached by a timing clock
Related violations: <none>

TIMING-17#20 Critical Warning
Non-clocked sequential cell  
The clock pin u_top_stopwatch/U_Btn_Min_DB/q_reg_reg[0]/C is not reached by a timing clock
Related violations: <none>

TIMING-17#21 Critical Warning
Non-clocked sequential cell  
The clock pin u_top_stopwatch/U_Btn_Min_DB/q_reg_reg[1]/C is not reached by a timing clock
Related violations: <none>

TIMING-17#22 Critical Warning
Non-clocked sequential cell  
The clock pin u_top_stopwatch/U_Btn_Min_DB/q_reg_reg[2]/C is not reached by a timing clock
Related violations: <none>

TIMING-17#23 Critical Warning
Non-clocked sequential cell  
The clock pin u_top_stopwatch/U_Btn_Min_DB/q_reg_reg[3]/C is not reached by a timing clock
Related violations: <none>

TIMING-17#24 Critical Warning
Non-clocked sequential cell  
The clock pin u_top_stopwatch/U_Btn_Min_DB/q_reg_reg[4]/C is not reached by a timing clock
Related violations: <none>

TIMING-17#25 Critical Warning
Non-clocked sequential cell  
The clock pin u_top_stopwatch/U_Btn_Min_DB/q_reg_reg[5]/C is not reached by a timing clock
Related violations: <none>

TIMING-17#26 Critical Warning
Non-clocked sequential cell  
The clock pin u_top_stopwatch/U_Btn_Min_DB/q_reg_reg[6]/C is not reached by a timing clock
Related violations: <none>

TIMING-17#27 Critical Warning
Non-clocked sequential cell  
The clock pin u_top_stopwatch/U_Btn_Min_DB/q_reg_reg[7]/C is not reached by a timing clock
Related violations: <none>

TIMING-17#28 Critical Warning
Non-clocked sequential cell  
The clock pin u_top_stopwatch/U_Btn_Run_DB/q_reg_reg[0]/C is not reached by a timing clock
Related violations: <none>

TIMING-17#29 Critical Warning
Non-clocked sequential cell  
The clock pin u_top_stopwatch/U_Btn_Run_DB/q_reg_reg[1]/C is not reached by a timing clock
Related violations: <none>

TIMING-17#30 Critical Warning
Non-clocked sequential cell  
The clock pin u_top_stopwatch/U_Btn_Run_DB/q_reg_reg[2]/C is not reached by a timing clock
Related violations: <none>

TIMING-17#31 Critical Warning
Non-clocked sequential cell  
The clock pin u_top_stopwatch/U_Btn_Run_DB/q_reg_reg[3]/C is not reached by a timing clock
Related violations: <none>

TIMING-17#32 Critical Warning
Non-clocked sequential cell  
The clock pin u_top_stopwatch/U_Btn_Run_DB/q_reg_reg[4]/C is not reached by a timing clock
Related violations: <none>

TIMING-17#33 Critical Warning
Non-clocked sequential cell  
The clock pin u_top_stopwatch/U_Btn_Run_DB/q_reg_reg[5]/C is not reached by a timing clock
Related violations: <none>

TIMING-17#34 Critical Warning
Non-clocked sequential cell  
The clock pin u_top_stopwatch/U_Btn_Run_DB/q_reg_reg[6]/C is not reached by a timing clock
Related violations: <none>

TIMING-17#35 Critical Warning
Non-clocked sequential cell  
The clock pin u_top_stopwatch/U_Btn_Run_DB/q_reg_reg[7]/C is not reached by a timing clock
Related violations: <none>

TIMING-17#36 Critical Warning
Non-clocked sequential cell  
The clock pin u_top_stopwatch/U_Btn_Sec_DB/q_reg_reg[0]/C is not reached by a timing clock
Related violations: <none>

TIMING-17#37 Critical Warning
Non-clocked sequential cell  
The clock pin u_top_stopwatch/U_Btn_Sec_DB/q_reg_reg[1]/C is not reached by a timing clock
Related violations: <none>

TIMING-17#38 Critical Warning
Non-clocked sequential cell  
The clock pin u_top_stopwatch/U_Btn_Sec_DB/q_reg_reg[2]/C is not reached by a timing clock
Related violations: <none>

TIMING-17#39 Critical Warning
Non-clocked sequential cell  
The clock pin u_top_stopwatch/U_Btn_Sec_DB/q_reg_reg[3]/C is not reached by a timing clock
Related violations: <none>

TIMING-17#40 Critical Warning
Non-clocked sequential cell  
The clock pin u_top_stopwatch/U_Btn_Sec_DB/q_reg_reg[4]/C is not reached by a timing clock
Related violations: <none>

TIMING-17#41 Critical Warning
Non-clocked sequential cell  
The clock pin u_top_stopwatch/U_Btn_Sec_DB/q_reg_reg[5]/C is not reached by a timing clock
Related violations: <none>

TIMING-17#42 Critical Warning
Non-clocked sequential cell  
The clock pin u_top_stopwatch/U_Btn_Sec_DB/q_reg_reg[6]/C is not reached by a timing clock
Related violations: <none>

TIMING-17#43 Critical Warning
Non-clocked sequential cell  
The clock pin u_top_stopwatch/U_Btn_Sec_DB/q_reg_reg[7]/C is not reached by a timing clock
Related violations: <none>

TIMING-18#1 Warning
Missing input or output delay  
An input delay is missing on DHT11_IO relative to clock(s) sys_clk_pin
Related violations: <none>

TIMING-18#2 Warning
Missing input or output delay  
An input delay is missing on d_HC_SR04_i relative to clock(s) sys_clk_pin
Related violations: <none>

TIMING-18#3 Warning
Missing input or output delay  
An input delay is missing on reset relative to clock(s) sys_clk_pin
Related violations: <none>

TIMING-18#4 Warning
Missing input or output delay  
An input delay is missing on rx relative to clock(s) sys_clk_pin
Related violations: <none>

TIMING-18#5 Warning
Missing input or output delay  
An output delay is missing on start_tick relative to clock(s) sys_clk_pin
Related violations: <none>

TIMING-18#6 Warning
Missing input or output delay  
An output delay is missing on tx relative to clock(s) sys_clk_pin
Related violations: <none>

TIMING-20#1 Warning
Non-clocked latch  
The latch U_UART/U_Uart_FSM/U_Uart_rx/rx_data_next_reg[0] cannot be properly analyzed as its control pin U_UART/U_Uart_FSM/U_Uart_rx/rx_data_next_reg[0]/G is not reached by a timing clock
Related violations: <none>

TIMING-20#2 Warning
Non-clocked latch  
The latch U_UART/U_Uart_FSM/U_Uart_rx/rx_data_next_reg[1] cannot be properly analyzed as its control pin U_UART/U_Uart_FSM/U_Uart_rx/rx_data_next_reg[1]/G is not reached by a timing clock
Related violations: <none>

TIMING-20#3 Warning
Non-clocked latch  
The latch U_UART/U_Uart_FSM/U_Uart_rx/rx_data_next_reg[2] cannot be properly analyzed as its control pin U_UART/U_Uart_FSM/U_Uart_rx/rx_data_next_reg[2]/G is not reached by a timing clock
Related violations: <none>

TIMING-20#4 Warning
Non-clocked latch  
The latch U_UART/U_Uart_FSM/U_Uart_rx/rx_data_next_reg[3] cannot be properly analyzed as its control pin U_UART/U_Uart_FSM/U_Uart_rx/rx_data_next_reg[3]/G is not reached by a timing clock
Related violations: <none>

TIMING-20#5 Warning
Non-clocked latch  
The latch U_UART/U_Uart_FSM/U_Uart_rx/rx_data_next_reg[4] cannot be properly analyzed as its control pin U_UART/U_Uart_FSM/U_Uart_rx/rx_data_next_reg[4]/G is not reached by a timing clock
Related violations: <none>

TIMING-20#6 Warning
Non-clocked latch  
The latch U_UART/U_Uart_FSM/U_Uart_rx/rx_data_next_reg[5] cannot be properly analyzed as its control pin U_UART/U_Uart_FSM/U_Uart_rx/rx_data_next_reg[5]/G is not reached by a timing clock
Related violations: <none>

TIMING-20#7 Warning
Non-clocked latch  
The latch U_UART/U_Uart_FSM/U_Uart_rx/rx_data_next_reg[6] cannot be properly analyzed as its control pin U_UART/U_Uart_FSM/U_Uart_rx/rx_data_next_reg[6]/G is not reached by a timing clock
Related violations: <none>

TIMING-20#8 Warning
Non-clocked latch  
The latch U_UART/U_Uart_FSM/U_Uart_rx/rx_data_next_reg[7] cannot be properly analyzed as its control pin U_UART/U_Uart_FSM/U_Uart_rx/rx_data_next_reg[7]/G is not reached by a timing clock
Related violations: <none>

TIMING-20#9 Warning
Non-clocked latch  
The latch u_mux_3mode/o1_reg[0] cannot be properly analyzed as its control pin u_mux_3mode/o1_reg[0]/G is not reached by a timing clock
Related violations: <none>

TIMING-20#10 Warning
Non-clocked latch  
The latch u_mux_3mode/o1_reg[1] cannot be properly analyzed as its control pin u_mux_3mode/o1_reg[1]/G is not reached by a timing clock
Related violations: <none>

TIMING-20#11 Warning
Non-clocked latch  
The latch u_mux_3mode/o1_reg[2] cannot be properly analyzed as its control pin u_mux_3mode/o1_reg[2]/G is not reached by a timing clock
Related violations: <none>

TIMING-20#12 Warning
Non-clocked latch  
The latch u_mux_3mode/o1_reg[3] cannot be properly analyzed as its control pin u_mux_3mode/o1_reg[3]/G is not reached by a timing clock
Related violations: <none>

TIMING-20#13 Warning
Non-clocked latch  
The latch u_mux_3mode/o1_reg[4] cannot be properly analyzed as its control pin u_mux_3mode/o1_reg[4]/G is not reached by a timing clock
Related violations: <none>

TIMING-20#14 Warning
Non-clocked latch  
The latch u_mux_3mode/o1_reg[5] cannot be properly analyzed as its control pin u_mux_3mode/o1_reg[5]/G is not reached by a timing clock
Related violations: <none>

TIMING-20#15 Warning
Non-clocked latch  
The latch u_mux_3mode/o1_reg[6] cannot be properly analyzed as its control pin u_mux_3mode/o1_reg[6]/G is not reached by a timing clock
Related violations: <none>

TIMING-20#16 Warning
Non-clocked latch  
The latch u_mux_3mode/o2_reg[0] cannot be properly analyzed as its control pin u_mux_3mode/o2_reg[0]/G is not reached by a timing clock
Related violations: <none>

TIMING-20#17 Warning
Non-clocked latch  
The latch u_mux_3mode/o2_reg[1] cannot be properly analyzed as its control pin u_mux_3mode/o2_reg[1]/G is not reached by a timing clock
Related violations: <none>

TIMING-20#18 Warning
Non-clocked latch  
The latch u_mux_3mode/o2_reg[2] cannot be properly analyzed as its control pin u_mux_3mode/o2_reg[2]/G is not reached by a timing clock
Related violations: <none>

TIMING-20#19 Warning
Non-clocked latch  
The latch u_mux_3mode/o2_reg[3] cannot be properly analyzed as its control pin u_mux_3mode/o2_reg[3]/G is not reached by a timing clock
Related violations: <none>

TIMING-20#20 Warning
Non-clocked latch  
The latch u_mux_3mode/o2_reg[4] cannot be properly analyzed as its control pin u_mux_3mode/o2_reg[4]/G is not reached by a timing clock
Related violations: <none>

TIMING-20#21 Warning
Non-clocked latch  
The latch u_mux_3mode/o2_reg[5] cannot be properly analyzed as its control pin u_mux_3mode/o2_reg[5]/G is not reached by a timing clock
Related violations: <none>

TIMING-20#22 Warning
Non-clocked latch  
The latch u_mux_3mode/o3_reg[0] cannot be properly analyzed as its control pin u_mux_3mode/o3_reg[0]/G is not reached by a timing clock
Related violations: <none>

TIMING-20#23 Warning
Non-clocked latch  
The latch u_mux_3mode/o3_reg[1] cannot be properly analyzed as its control pin u_mux_3mode/o3_reg[1]/G is not reached by a timing clock
Related violations: <none>

TIMING-20#24 Warning
Non-clocked latch  
The latch u_mux_3mode/o3_reg[2] cannot be properly analyzed as its control pin u_mux_3mode/o3_reg[2]/G is not reached by a timing clock
Related violations: <none>

TIMING-20#25 Warning
Non-clocked latch  
The latch u_mux_3mode/o3_reg[3] cannot be properly analyzed as its control pin u_mux_3mode/o3_reg[3]/G is not reached by a timing clock
Related violations: <none>

TIMING-20#26 Warning
Non-clocked latch  
The latch u_mux_3mode/o3_reg[4] cannot be properly analyzed as its control pin u_mux_3mode/o3_reg[4]/G is not reached by a timing clock
Related violations: <none>

TIMING-20#27 Warning
Non-clocked latch  
The latch u_mux_3mode/o3_reg[5] cannot be properly analyzed as its control pin u_mux_3mode/o3_reg[5]/G is not reached by a timing clock
Related violations: <none>

TIMING-20#28 Warning
Non-clocked latch  
The latch u_mux_3mode/o4_reg[0] cannot be properly analyzed as its control pin u_mux_3mode/o4_reg[0]/G is not reached by a timing clock
Related violations: <none>

TIMING-20#29 Warning
Non-clocked latch  
The latch u_mux_3mode/o4_reg[1] cannot be properly analyzed as its control pin u_mux_3mode/o4_reg[1]/G is not reached by a timing clock
Related violations: <none>

TIMING-20#30 Warning
Non-clocked latch  
The latch u_mux_3mode/o4_reg[2] cannot be properly analyzed as its control pin u_mux_3mode/o4_reg[2]/G is not reached by a timing clock
Related violations: <none>

TIMING-20#31 Warning
Non-clocked latch  
The latch u_mux_3mode/o4_reg[3] cannot be properly analyzed as its control pin u_mux_3mode/o4_reg[3]/G is not reached by a timing clock
Related violations: <none>

TIMING-20#32 Warning
Non-clocked latch  
The latch u_mux_3mode/o4_reg[4] cannot be properly analyzed as its control pin u_mux_3mode/o4_reg[4]/G is not reached by a timing clock
Related violations: <none>


