Copyright 1986-2020 Xilinx, Inc. All Rights Reserved.
--------------------------------------------------------------------------------------------------------------------------------------------------------------------------------------------
| Tool Version : Vivado v.2020.2 (win64) Build 3064766 Wed Nov 18 09:12:45 MST 2020
| Date         : Wed Mar  5 16:07:05 2025
| Host         : DESKTOP-7CFQ9ND running 64-bit major release  (build 9200)
| Command      : report_timing_summary -max_paths 10 -file fsm_led_timing_summary_routed.rpt -pb fsm_led_timing_summary_routed.pb -rpx fsm_led_timing_summary_routed.rpx -warn_on_violation
| Design       : fsm_led
| Device       : 7a35t-cpg236
| Speed File   : -1  PRODUCTION 1.23 2018-06-13
--------------------------------------------------------------------------------------------------------------------------------------------------------------------------------------------

Timing Summary Report

------------------------------------------------------------------------------------------------
| Timer Settings
| --------------
------------------------------------------------------------------------------------------------

  Enable Multi Corner Analysis               :  Yes
  Enable Pessimism Removal                   :  Yes
  Pessimism Removal Resolution               :  Nearest Common Node
  Enable Input Delay Default Clock           :  No
  Enable Preset / Clear Arcs                 :  No
  Disable Flight Delays                      :  No
  Ignore I/O Paths                           :  No
  Timing Early Launch at Borrowing Latches   :  No
  Borrow Time for Max Delay Exceptions       :  Yes
  Merge Timing Exceptions                    :  Yes

  Corner  Analyze    Analyze    
  Name    Max Paths  Min Paths  
  ------  ---------  ---------  
  Slow    Yes        Yes        
  Fast    Yes        Yes        



check_timing report

Table of Contents
-----------------
1. checking no_clock (0)
2. checking constant_clock (0)
3. checking pulse_width_clock (0)
4. checking unconstrained_internal_endpoints (0)
5. checking no_input_delay (4)
6. checking no_output_delay (2)
7. checking multiple_clock (0)
8. checking generated_clocks (0)
9. checking loops (0)
10. checking partial_input_delay (0)
11. checking partial_output_delay (0)
12. checking latch_loops (0)

1. checking no_clock (0)
------------------------
 There are 0 register/latch pins with no clock.


2. checking constant_clock (0)
------------------------------
 There are 0 register/latch pins with constant_clock.


3. checking pulse_width_clock (0)
---------------------------------
 There are 0 register/latch pins which need pulse_width check


4. checking unconstrained_internal_endpoints (0)
------------------------------------------------
 There are 0 pins that are not constrained for maximum delay.

 There are 0 pins that are not constrained for maximum delay due to constant clock.


5. checking no_input_delay (4)
------------------------------
 There are 4 input ports with no input delay specified. (HIGH)

 There are 0 input ports with no input delay but user has a false path constraint.


6. checking no_output_delay (2)
-------------------------------
 There are 2 ports with no output delay specified. (HIGH)

 There are 0 ports with no output delay but user has a false path constraint

 There are 0 ports with no output delay but with a timing clock defined on it or propagating through it


7. checking multiple_clock (0)
------------------------------
 There are 0 register/latch pins with multiple clocks.


8. checking generated_clocks (0)
--------------------------------
 There are 0 generated clocks that are not connected to a clock source.


9. checking loops (0)
---------------------
 There are 0 combinational loops in the design.


10. checking partial_input_delay (0)
------------------------------------
 There are 0 input ports with partial input delay specified.


11. checking partial_output_delay (0)
-------------------------------------
 There are 0 ports with partial output delay specified.


12. checking latch_loops (0)
----------------------------
 There are 0 combinational latch loops in the design through latch input



------------------------------------------------------------------------------------------------
| Design Timing Summary
| ---------------------
------------------------------------------------------------------------------------------------

    WNS(ns)      TNS(ns)  TNS Failing Endpoints  TNS Total Endpoints      WHS(ns)      THS(ns)  THS Failing Endpoints  THS Total Endpoints     WPWS(ns)     TPWS(ns)  TPWS Failing Endpoints  TPWS Total Endpoints  
    -------      -------  ---------------------  -------------------      -------      -------  ---------------------  -------------------     --------     --------  ----------------------  --------------------  
      8.089        0.000                      0                    6        0.306        0.000                      0                    6        4.500        0.000                       0                     4  


All user specified timing constraints are met.


------------------------------------------------------------------------------------------------
| Clock Summary
| -------------
------------------------------------------------------------------------------------------------

Clock        Waveform(ns)       Period(ns)      Frequency(MHz)
-----        ------------       ----------      --------------
sys_clk_pin  {0.000 5.000}      10.000          100.000         


------------------------------------------------------------------------------------------------
| Intra Clock Table
| -----------------
------------------------------------------------------------------------------------------------

Clock             WNS(ns)      TNS(ns)  TNS Failing Endpoints  TNS Total Endpoints      WHS(ns)      THS(ns)  THS Failing Endpoints  THS Total Endpoints     WPWS(ns)     TPWS(ns)  TPWS Failing Endpoints  TPWS Total Endpoints  
-----             -------      -------  ---------------------  -------------------      -------      -------  ---------------------  -------------------     --------     --------  ----------------------  --------------------  
sys_clk_pin         8.089        0.000                      0                    6        0.306        0.000                      0                    6        4.500        0.000                       0                     4  


------------------------------------------------------------------------------------------------
| Inter Clock Table
| -----------------
------------------------------------------------------------------------------------------------

From Clock    To Clock          WNS(ns)      TNS(ns)  TNS Failing Endpoints  TNS Total Endpoints      WHS(ns)      THS(ns)  THS Failing Endpoints  THS Total Endpoints  
----------    --------          -------      -------  ---------------------  -------------------      -------      -------  ---------------------  -------------------  


------------------------------------------------------------------------------------------------
| Other Path Groups Table
| -----------------------
------------------------------------------------------------------------------------------------

Path Group    From Clock    To Clock          WNS(ns)      TNS(ns)  TNS Failing Endpoints  TNS Total Endpoints      WHS(ns)      THS(ns)  THS Failing Endpoints  THS Total Endpoints  
----------    ----------    --------          -------      -------  ---------------------  -------------------      -------      -------  ---------------------  -------------------  


------------------------------------------------------------------------------------------------
| Timing Details
| --------------
------------------------------------------------------------------------------------------------


---------------------------------------------------------------------------------------------------
From Clock:  sys_clk_pin
  To Clock:  sys_clk_pin

Setup :            0  Failing Endpoints,  Worst Slack        8.089ns,  Total Violation        0.000ns
Hold  :            0  Failing Endpoints,  Worst Slack        0.306ns,  Total Violation        0.000ns
PW    :            0  Failing Endpoints,  Worst Slack        4.500ns,  Total Violation        0.000ns
---------------------------------------------------------------------------------------------------


Max Delay Paths
--------------------------------------------------------------------------------------
Slack (MET) :             8.089ns  (required time - arrival time)
  Source:                 FSM_onehot_state_reg[1]/C
                            (rising edge-triggered cell FDCE clocked by sys_clk_pin  {rise@0.000ns fall@5.000ns period=10.000ns})
  Destination:            FSM_onehot_state_reg[0]/CE
                            (rising edge-triggered cell FDPE clocked by sys_clk_pin  {rise@0.000ns fall@5.000ns period=10.000ns})
  Path Group:             sys_clk_pin
  Path Type:              Setup (Max at Slow Process Corner)
  Requirement:            10.000ns  (sys_clk_pin rise@10.000ns - sys_clk_pin rise@0.000ns)
  Data Path Delay:        1.671ns  (logic 0.580ns (34.708%)  route 1.091ns (65.292%))
  Logic Levels:           1  (LUT6=1)
  Clock Path Skew:        0.000ns (DCD - SCD + CPR)
    Destination Clock Delay (DCD):    4.855ns = ( 14.855 - 10.000 ) 
    Source Clock Delay      (SCD):    5.154ns
    Clock Pessimism Removal (CPR):    0.299ns
  Clock Uncertainty:      0.035ns  ((TSJ^2 + TIJ^2)^1/2 + DJ) / 2 + PE
    Total System Jitter     (TSJ):    0.071ns
    Total Input Jitter      (TIJ):    0.000ns
    Discrete Jitter          (DJ):    0.000ns
    Phase Error              (PE):    0.000ns

    Location             Delay type                Incr(ns)  Path(ns)    Netlist Resource(s)
  -------------------------------------------------------------------    -------------------
                         (clock sys_clk_pin rise edge)
                                                      0.000     0.000 r  
    W5                                                0.000     0.000 r  clk (IN)
                         net (fo=0)                   0.000     0.000    clk
    W5                   IBUF (Prop_ibuf_I_O)         1.458     1.458 r  clk_IBUF_inst/O
                         net (fo=1, routed)           1.967     3.425    clk_IBUF
    BUFGCTRL_X0Y0        BUFG (Prop_bufg_I_O)         0.096     3.521 r  clk_IBUF_BUFG_inst/O
                         net (fo=3, routed)           1.633     5.154    clk_IBUF_BUFG
    SLICE_X0Y14          FDCE                                         r  FSM_onehot_state_reg[1]/C
  -------------------------------------------------------------------    -------------------
    SLICE_X0Y14          FDCE (Prop_fdce_C_Q)         0.456     5.610 r  FSM_onehot_state_reg[1]/Q
                         net (fo=3, routed)           0.712     6.322    led_OBUF[1]
    SLICE_X0Y14          LUT6 (Prop_lut6_I5_O)        0.124     6.446 r  FSM_onehot_state[2]_i_1/O
                         net (fo=3, routed)           0.379     6.825    FSM_onehot_state[2]_i_1_n_0
    SLICE_X0Y14          FDPE                                         r  FSM_onehot_state_reg[0]/CE
  -------------------------------------------------------------------    -------------------

                         (clock sys_clk_pin rise edge)
                                                     10.000    10.000 r  
    W5                                                0.000    10.000 r  clk (IN)
                         net (fo=0)                   0.000    10.000    clk
    W5                   IBUF (Prop_ibuf_I_O)         1.388    11.388 r  clk_IBUF_inst/O
                         net (fo=1, routed)           1.862    13.250    clk_IBUF
    BUFGCTRL_X0Y0        BUFG (Prop_bufg_I_O)         0.091    13.341 r  clk_IBUF_BUFG_inst/O
                         net (fo=3, routed)           1.514    14.855    clk_IBUF_BUFG
    SLICE_X0Y14          FDPE                                         r  FSM_onehot_state_reg[0]/C
                         clock pessimism              0.299    15.154    
                         clock uncertainty           -0.035    15.119    
    SLICE_X0Y14          FDPE (Setup_fdpe_C_CE)      -0.205    14.914    FSM_onehot_state_reg[0]
  -------------------------------------------------------------------
                         required time                         14.914    
                         arrival time                          -6.825    
  -------------------------------------------------------------------
                         slack                                  8.089    

Slack (MET) :             8.089ns  (required time - arrival time)
  Source:                 FSM_onehot_state_reg[1]/C
                            (rising edge-triggered cell FDCE clocked by sys_clk_pin  {rise@0.000ns fall@5.000ns period=10.000ns})
  Destination:            FSM_onehot_state_reg[1]/CE
                            (rising edge-triggered cell FDCE clocked by sys_clk_pin  {rise@0.000ns fall@5.000ns period=10.000ns})
  Path Group:             sys_clk_pin
  Path Type:              Setup (Max at Slow Process Corner)
  Requirement:            10.000ns  (sys_clk_pin rise@10.000ns - sys_clk_pin rise@0.000ns)
  Data Path Delay:        1.671ns  (logic 0.580ns (34.708%)  route 1.091ns (65.292%))
  Logic Levels:           1  (LUT6=1)
  Clock Path Skew:        0.000ns (DCD - SCD + CPR)
    Destination Clock Delay (DCD):    4.855ns = ( 14.855 - 10.000 ) 
    Source Clock Delay      (SCD):    5.154ns
    Clock Pessimism Removal (CPR):    0.299ns
  Clock Uncertainty:      0.035ns  ((TSJ^2 + TIJ^2)^1/2 + DJ) / 2 + PE
    Total System Jitter     (TSJ):    0.071ns
    Total Input Jitter      (TIJ):    0.000ns
    Discrete Jitter          (DJ):    0.000ns
    Phase Error              (PE):    0.000ns

    Location             Delay type                Incr(ns)  Path(ns)    Netlist Resource(s)
  -------------------------------------------------------------------    -------------------
                         (clock sys_clk_pin rise edge)
                                                      0.000     0.000 r  
    W5                                                0.000     0.000 r  clk (IN)
                         net (fo=0)                   0.000     0.000    clk
    W5                   IBUF (Prop_ibuf_I_O)         1.458     1.458 r  clk_IBUF_inst/O
                         net (fo=1, routed)           1.967     3.425    clk_IBUF
    BUFGCTRL_X0Y0        BUFG (Prop_bufg_I_O)         0.096     3.521 r  clk_IBUF_BUFG_inst/O
                         net (fo=3, routed)           1.633     5.154    clk_IBUF_BUFG
    SLICE_X0Y14          FDCE                                         r  FSM_onehot_state_reg[1]/C
  -------------------------------------------------------------------    -------------------
    SLICE_X0Y14          FDCE (Prop_fdce_C_Q)         0.456     5.610 r  FSM_onehot_state_reg[1]/Q
                         net (fo=3, routed)           0.712     6.322    led_OBUF[1]
    SLICE_X0Y14          LUT6 (Prop_lut6_I5_O)        0.124     6.446 r  FSM_onehot_state[2]_i_1/O
                         net (fo=3, routed)           0.379     6.825    FSM_onehot_state[2]_i_1_n_0
    SLICE_X0Y14          FDCE                                         r  FSM_onehot_state_reg[1]/CE
  -------------------------------------------------------------------    -------------------

                         (clock sys_clk_pin rise edge)
                                                     10.000    10.000 r  
    W5                                                0.000    10.000 r  clk (IN)
                         net (fo=0)                   0.000    10.000    clk
    W5                   IBUF (Prop_ibuf_I_O)         1.388    11.388 r  clk_IBUF_inst/O
                         net (fo=1, routed)           1.862    13.250    clk_IBUF
    BUFGCTRL_X0Y0        BUFG (Prop_bufg_I_O)         0.091    13.341 r  clk_IBUF_BUFG_inst/O
                         net (fo=3, routed)           1.514    14.855    clk_IBUF_BUFG
    SLICE_X0Y14          FDCE                                         r  FSM_onehot_state_reg[1]/C
                         clock pessimism              0.299    15.154    
                         clock uncertainty           -0.035    15.119    
    SLICE_X0Y14          FDCE (Setup_fdce_C_CE)      -0.205    14.914    FSM_onehot_state_reg[1]
  -------------------------------------------------------------------
                         required time                         14.914    
                         arrival time                          -6.825    
  -------------------------------------------------------------------
                         slack                                  8.089    

Slack (MET) :             8.089ns  (required time - arrival time)
  Source:                 FSM_onehot_state_reg[1]/C
                            (rising edge-triggered cell FDCE clocked by sys_clk_pin  {rise@0.000ns fall@5.000ns period=10.000ns})
  Destination:            FSM_onehot_state_reg[2]/CE
                            (rising edge-triggered cell FDCE clocked by sys_clk_pin  {rise@0.000ns fall@5.000ns period=10.000ns})
  Path Group:             sys_clk_pin
  Path Type:              Setup (Max at Slow Process Corner)
  Requirement:            10.000ns  (sys_clk_pin rise@10.000ns - sys_clk_pin rise@0.000ns)
  Data Path Delay:        1.671ns  (logic 0.580ns (34.708%)  route 1.091ns (65.292%))
  Logic Levels:           1  (LUT6=1)
  Clock Path Skew:        0.000ns (DCD - SCD + CPR)
    Destination Clock Delay (DCD):    4.855ns = ( 14.855 - 10.000 ) 
    Source Clock Delay      (SCD):    5.154ns
    Clock Pessimism Removal (CPR):    0.299ns
  Clock Uncertainty:      0.035ns  ((TSJ^2 + TIJ^2)^1/2 + DJ) / 2 + PE
    Total System Jitter     (TSJ):    0.071ns
    Total Input Jitter      (TIJ):    0.000ns
    Discrete Jitter          (DJ):    0.000ns
    Phase Error              (PE):    0.000ns

    Location             Delay type                Incr(ns)  Path(ns)    Netlist Resource(s)
  -------------------------------------------------------------------    -------------------
                         (clock sys_clk_pin rise edge)
                                                      0.000     0.000 r  
    W5                                                0.000     0.000 r  clk (IN)
                         net (fo=0)                   0.000     0.000    clk
    W5                   IBUF (Prop_ibuf_I_O)         1.458     1.458 r  clk_IBUF_inst/O
                         net (fo=1, routed)           1.967     3.425    clk_IBUF
    BUFGCTRL_X0Y0        BUFG (Prop_bufg_I_O)         0.096     3.521 r  clk_IBUF_BUFG_inst/O
                         net (fo=3, routed)           1.633     5.154    clk_IBUF_BUFG
    SLICE_X0Y14          FDCE                                         r  FSM_onehot_state_reg[1]/C
  -------------------------------------------------------------------    -------------------
    SLICE_X0Y14          FDCE (Prop_fdce_C_Q)         0.456     5.610 r  FSM_onehot_state_reg[1]/Q
                         net (fo=3, routed)           0.712     6.322    led_OBUF[1]
    SLICE_X0Y14          LUT6 (Prop_lut6_I5_O)        0.124     6.446 r  FSM_onehot_state[2]_i_1/O
                         net (fo=3, routed)           0.379     6.825    FSM_onehot_state[2]_i_1_n_0
    SLICE_X0Y14          FDCE                                         r  FSM_onehot_state_reg[2]/CE
  -------------------------------------------------------------------    -------------------

                         (clock sys_clk_pin rise edge)
                                                     10.000    10.000 r  
    W5                                                0.000    10.000 r  clk (IN)
                         net (fo=0)                   0.000    10.000    clk
    W5                   IBUF (Prop_ibuf_I_O)         1.388    11.388 r  clk_IBUF_inst/O
                         net (fo=1, routed)           1.862    13.250    clk_IBUF
    BUFGCTRL_X0Y0        BUFG (Prop_bufg_I_O)         0.091    13.341 r  clk_IBUF_BUFG_inst/O
                         net (fo=3, routed)           1.514    14.855    clk_IBUF_BUFG
    SLICE_X0Y14          FDCE                                         r  FSM_onehot_state_reg[2]/C
                         clock pessimism              0.299    15.154    
                         clock uncertainty           -0.035    15.119    
    SLICE_X0Y14          FDCE (Setup_fdce_C_CE)      -0.205    14.914    FSM_onehot_state_reg[2]
  -------------------------------------------------------------------
                         required time                         14.914    
                         arrival time                          -6.825    
  -------------------------------------------------------------------
                         slack                                  8.089    

Slack (MET) :             8.677ns  (required time - arrival time)
  Source:                 FSM_onehot_state_reg[2]/C
                            (rising edge-triggered cell FDCE clocked by sys_clk_pin  {rise@0.000ns fall@5.000ns period=10.000ns})
  Destination:            FSM_onehot_state_reg[1]/D
                            (rising edge-triggered cell FDCE clocked by sys_clk_pin  {rise@0.000ns fall@5.000ns period=10.000ns})
  Path Group:             sys_clk_pin
  Path Type:              Setup (Max at Slow Process Corner)
  Requirement:            10.000ns  (sys_clk_pin rise@10.000ns - sys_clk_pin rise@0.000ns)
  Data Path Delay:        1.318ns  (logic 0.580ns (43.997%)  route 0.738ns (56.003%))
  Logic Levels:           1  (LUT5=1)
  Clock Path Skew:        0.000ns (DCD - SCD + CPR)
    Destination Clock Delay (DCD):    4.855ns = ( 14.855 - 10.000 ) 
    Source Clock Delay      (SCD):    5.154ns
    Clock Pessimism Removal (CPR):    0.299ns
  Clock Uncertainty:      0.035ns  ((TSJ^2 + TIJ^2)^1/2 + DJ) / 2 + PE
    Total System Jitter     (TSJ):    0.071ns
    Total Input Jitter      (TIJ):    0.000ns
    Discrete Jitter          (DJ):    0.000ns
    Phase Error              (PE):    0.000ns

    Location             Delay type                Incr(ns)  Path(ns)    Netlist Resource(s)
  -------------------------------------------------------------------    -------------------
                         (clock sys_clk_pin rise edge)
                                                      0.000     0.000 r  
    W5                                                0.000     0.000 r  clk (IN)
                         net (fo=0)                   0.000     0.000    clk
    W5                   IBUF (Prop_ibuf_I_O)         1.458     1.458 r  clk_IBUF_inst/O
                         net (fo=1, routed)           1.967     3.425    clk_IBUF
    BUFGCTRL_X0Y0        BUFG (Prop_bufg_I_O)         0.096     3.521 r  clk_IBUF_BUFG_inst/O
                         net (fo=3, routed)           1.633     5.154    clk_IBUF_BUFG
    SLICE_X0Y14          FDCE                                         r  FSM_onehot_state_reg[2]/C
  -------------------------------------------------------------------    -------------------
    SLICE_X0Y14          FDCE (Prop_fdce_C_Q)         0.456     5.610 r  FSM_onehot_state_reg[2]/Q
                         net (fo=5, routed)           0.738     6.349    led_OBUF[0]
    SLICE_X0Y14          LUT5 (Prop_lut5_I4_O)        0.124     6.473 r  FSM_onehot_state[1]_i_1/O
                         net (fo=1, routed)           0.000     6.473    FSM_onehot_state[1]_i_1_n_0
    SLICE_X0Y14          FDCE                                         r  FSM_onehot_state_reg[1]/D
  -------------------------------------------------------------------    -------------------

                         (clock sys_clk_pin rise edge)
                                                     10.000    10.000 r  
    W5                                                0.000    10.000 r  clk (IN)
                         net (fo=0)                   0.000    10.000    clk
    W5                   IBUF (Prop_ibuf_I_O)         1.388    11.388 r  clk_IBUF_inst/O
                         net (fo=1, routed)           1.862    13.250    clk_IBUF
    BUFGCTRL_X0Y0        BUFG (Prop_bufg_I_O)         0.091    13.341 r  clk_IBUF_BUFG_inst/O
                         net (fo=3, routed)           1.514    14.855    clk_IBUF_BUFG
    SLICE_X0Y14          FDCE                                         r  FSM_onehot_state_reg[1]/C
                         clock pessimism              0.299    15.154    
                         clock uncertainty           -0.035    15.119    
    SLICE_X0Y14          FDCE (Setup_fdce_C_D)        0.031    15.150    FSM_onehot_state_reg[1]
  -------------------------------------------------------------------
                         required time                         15.150    
                         arrival time                          -6.473    
  -------------------------------------------------------------------
                         slack                                  8.677    

Slack (MET) :             8.697ns  (required time - arrival time)
  Source:                 FSM_onehot_state_reg[1]/C
                            (rising edge-triggered cell FDCE clocked by sys_clk_pin  {rise@0.000ns fall@5.000ns period=10.000ns})
  Destination:            FSM_onehot_state_reg[2]/D
                            (rising edge-triggered cell FDCE clocked by sys_clk_pin  {rise@0.000ns fall@5.000ns period=10.000ns})
  Path Group:             sys_clk_pin
  Path Type:              Setup (Max at Slow Process Corner)
  Requirement:            10.000ns  (sys_clk_pin rise@10.000ns - sys_clk_pin rise@0.000ns)
  Data Path Delay:        1.299ns  (logic 0.580ns (44.653%)  route 0.719ns (55.347%))
  Logic Levels:           1  (LUT4=1)
  Clock Path Skew:        0.000ns (DCD - SCD + CPR)
    Destination Clock Delay (DCD):    4.855ns = ( 14.855 - 10.000 ) 
    Source Clock Delay      (SCD):    5.154ns
    Clock Pessimism Removal (CPR):    0.299ns
  Clock Uncertainty:      0.035ns  ((TSJ^2 + TIJ^2)^1/2 + DJ) / 2 + PE
    Total System Jitter     (TSJ):    0.071ns
    Total Input Jitter      (TIJ):    0.000ns
    Discrete Jitter          (DJ):    0.000ns
    Phase Error              (PE):    0.000ns

    Location             Delay type                Incr(ns)  Path(ns)    Netlist Resource(s)
  -------------------------------------------------------------------    -------------------
                         (clock sys_clk_pin rise edge)
                                                      0.000     0.000 r  
    W5                                                0.000     0.000 r  clk (IN)
                         net (fo=0)                   0.000     0.000    clk
    W5                   IBUF (Prop_ibuf_I_O)         1.458     1.458 r  clk_IBUF_inst/O
                         net (fo=1, routed)           1.967     3.425    clk_IBUF
    BUFGCTRL_X0Y0        BUFG (Prop_bufg_I_O)         0.096     3.521 r  clk_IBUF_BUFG_inst/O
                         net (fo=3, routed)           1.633     5.154    clk_IBUF_BUFG
    SLICE_X0Y14          FDCE                                         r  FSM_onehot_state_reg[1]/C
  -------------------------------------------------------------------    -------------------
    SLICE_X0Y14          FDCE (Prop_fdce_C_Q)         0.456     5.610 r  FSM_onehot_state_reg[1]/Q
                         net (fo=3, routed)           0.719     6.329    led_OBUF[1]
    SLICE_X0Y14          LUT4 (Prop_lut4_I0_O)        0.124     6.453 r  FSM_onehot_state[2]_i_2/O
                         net (fo=1, routed)           0.000     6.453    FSM_onehot_state[2]_i_2_n_0
    SLICE_X0Y14          FDCE                                         r  FSM_onehot_state_reg[2]/D
  -------------------------------------------------------------------    -------------------

                         (clock sys_clk_pin rise edge)
                                                     10.000    10.000 r  
    W5                                                0.000    10.000 r  clk (IN)
                         net (fo=0)                   0.000    10.000    clk
    W5                   IBUF (Prop_ibuf_I_O)         1.388    11.388 r  clk_IBUF_inst/O
                         net (fo=1, routed)           1.862    13.250    clk_IBUF
    BUFGCTRL_X0Y0        BUFG (Prop_bufg_I_O)         0.091    13.341 r  clk_IBUF_BUFG_inst/O
                         net (fo=3, routed)           1.514    14.855    clk_IBUF_BUFG
    SLICE_X0Y14          FDCE                                         r  FSM_onehot_state_reg[2]/C
                         clock pessimism              0.299    15.154    
                         clock uncertainty           -0.035    15.119    
    SLICE_X0Y14          FDCE (Setup_fdce_C_D)        0.031    15.150    FSM_onehot_state_reg[2]
  -------------------------------------------------------------------
                         required time                         15.150    
                         arrival time                          -6.453    
  -------------------------------------------------------------------
                         slack                                  8.697    

Slack (MET) :             8.729ns  (required time - arrival time)
  Source:                 FSM_onehot_state_reg[2]/C
                            (rising edge-triggered cell FDCE clocked by sys_clk_pin  {rise@0.000ns fall@5.000ns period=10.000ns})
  Destination:            FSM_onehot_state_reg[0]/D
                            (rising edge-triggered cell FDPE clocked by sys_clk_pin  {rise@0.000ns fall@5.000ns period=10.000ns})
  Path Group:             sys_clk_pin
  Path Type:              Setup (Max at Slow Process Corner)
  Requirement:            10.000ns  (sys_clk_pin rise@10.000ns - sys_clk_pin rise@0.000ns)
  Data Path Delay:        1.264ns  (logic 0.580ns (45.873%)  route 0.684ns (54.127%))
  Logic Levels:           1  (LUT4=1)
  Clock Path Skew:        0.000ns (DCD - SCD + CPR)
    Destination Clock Delay (DCD):    4.855ns = ( 14.855 - 10.000 ) 
    Source Clock Delay      (SCD):    5.154ns
    Clock Pessimism Removal (CPR):    0.299ns
  Clock Uncertainty:      0.035ns  ((TSJ^2 + TIJ^2)^1/2 + DJ) / 2 + PE
    Total System Jitter     (TSJ):    0.071ns
    Total Input Jitter      (TIJ):    0.000ns
    Discrete Jitter          (DJ):    0.000ns
    Phase Error              (PE):    0.000ns

    Location             Delay type                Incr(ns)  Path(ns)    Netlist Resource(s)
  -------------------------------------------------------------------    -------------------
                         (clock sys_clk_pin rise edge)
                                                      0.000     0.000 r  
    W5                                                0.000     0.000 r  clk (IN)
                         net (fo=0)                   0.000     0.000    clk
    W5                   IBUF (Prop_ibuf_I_O)         1.458     1.458 r  clk_IBUF_inst/O
                         net (fo=1, routed)           1.967     3.425    clk_IBUF
    BUFGCTRL_X0Y0        BUFG (Prop_bufg_I_O)         0.096     3.521 r  clk_IBUF_BUFG_inst/O
                         net (fo=3, routed)           1.633     5.154    clk_IBUF_BUFG
    SLICE_X0Y14          FDCE                                         r  FSM_onehot_state_reg[2]/C
  -------------------------------------------------------------------    -------------------
    SLICE_X0Y14          FDCE (Prop_fdce_C_Q)         0.456     5.610 r  FSM_onehot_state_reg[2]/Q
                         net (fo=5, routed)           0.684     6.295    led_OBUF[0]
    SLICE_X0Y14          LUT4 (Prop_lut4_I0_O)        0.124     6.419 r  FSM_onehot_state[0]_i_1/O
                         net (fo=1, routed)           0.000     6.419    FSM_onehot_state[0]_i_1_n_0
    SLICE_X0Y14          FDPE                                         r  FSM_onehot_state_reg[0]/D
  -------------------------------------------------------------------    -------------------

                         (clock sys_clk_pin rise edge)
                                                     10.000    10.000 r  
    W5                                                0.000    10.000 r  clk (IN)
                         net (fo=0)                   0.000    10.000    clk
    W5                   IBUF (Prop_ibuf_I_O)         1.388    11.388 r  clk_IBUF_inst/O
                         net (fo=1, routed)           1.862    13.250    clk_IBUF
    BUFGCTRL_X0Y0        BUFG (Prop_bufg_I_O)         0.091    13.341 r  clk_IBUF_BUFG_inst/O
                         net (fo=3, routed)           1.514    14.855    clk_IBUF_BUFG
    SLICE_X0Y14          FDPE                                         r  FSM_onehot_state_reg[0]/C
                         clock pessimism              0.299    15.154    
                         clock uncertainty           -0.035    15.119    
    SLICE_X0Y14          FDPE (Setup_fdpe_C_D)        0.029    15.148    FSM_onehot_state_reg[0]
  -------------------------------------------------------------------
                         required time                         15.148    
                         arrival time                          -6.419    
  -------------------------------------------------------------------
                         slack                                  8.729    





Min Delay Paths
--------------------------------------------------------------------------------------
Slack (MET) :             0.306ns  (arrival time - required time)
  Source:                 FSM_onehot_state_reg[0]/C
                            (rising edge-triggered cell FDPE clocked by sys_clk_pin  {rise@0.000ns fall@5.000ns period=10.000ns})
  Destination:            FSM_onehot_state_reg[1]/D
                            (rising edge-triggered cell FDCE clocked by sys_clk_pin  {rise@0.000ns fall@5.000ns period=10.000ns})
  Path Group:             sys_clk_pin
  Path Type:              Hold (Min at Fast Process Corner)
  Requirement:            0.000ns  (sys_clk_pin rise@0.000ns - sys_clk_pin rise@0.000ns)
  Data Path Delay:        0.398ns  (logic 0.186ns (46.701%)  route 0.212ns (53.299%))
  Logic Levels:           1  (LUT5=1)
  Clock Path Skew:        0.000ns (DCD - SCD - CPR)
    Destination Clock Delay (DCD):    1.988ns
    Source Clock Delay      (SCD):    1.474ns
    Clock Pessimism Removal (CPR):    0.514ns

    Location             Delay type                Incr(ns)  Path(ns)    Netlist Resource(s)
  -------------------------------------------------------------------    -------------------
                         (clock sys_clk_pin rise edge)
                                                      0.000     0.000 r  
    W5                                                0.000     0.000 r  clk (IN)
                         net (fo=0)                   0.000     0.000    clk
    W5                   IBUF (Prop_ibuf_I_O)         0.226     0.226 r  clk_IBUF_inst/O
                         net (fo=1, routed)           0.631     0.858    clk_IBUF
    BUFGCTRL_X0Y0        BUFG (Prop_bufg_I_O)         0.026     0.884 r  clk_IBUF_BUFG_inst/O
                         net (fo=3, routed)           0.591     1.474    clk_IBUF_BUFG
    SLICE_X0Y14          FDPE                                         r  FSM_onehot_state_reg[0]/C
  -------------------------------------------------------------------    -------------------
    SLICE_X0Y14          FDPE (Prop_fdpe_C_Q)         0.141     1.615 r  FSM_onehot_state_reg[0]/Q
                         net (fo=2, routed)           0.212     1.827    FSM_onehot_state_reg_n_0_[0]
    SLICE_X0Y14          LUT5 (Prop_lut5_I0_O)        0.045     1.872 r  FSM_onehot_state[1]_i_1/O
                         net (fo=1, routed)           0.000     1.872    FSM_onehot_state[1]_i_1_n_0
    SLICE_X0Y14          FDCE                                         r  FSM_onehot_state_reg[1]/D
  -------------------------------------------------------------------    -------------------

                         (clock sys_clk_pin rise edge)
                                                      0.000     0.000 r  
    W5                                                0.000     0.000 r  clk (IN)
                         net (fo=0)                   0.000     0.000    clk
    W5                   IBUF (Prop_ibuf_I_O)         0.414     0.414 r  clk_IBUF_inst/O
                         net (fo=1, routed)           0.685     1.099    clk_IBUF
    BUFGCTRL_X0Y0        BUFG (Prop_bufg_I_O)         0.029     1.128 r  clk_IBUF_BUFG_inst/O
                         net (fo=3, routed)           0.861     1.988    clk_IBUF_BUFG
    SLICE_X0Y14          FDCE                                         r  FSM_onehot_state_reg[1]/C
                         clock pessimism             -0.514     1.474    
    SLICE_X0Y14          FDCE (Hold_fdce_C_D)         0.092     1.566    FSM_onehot_state_reg[1]
  -------------------------------------------------------------------
                         required time                         -1.566    
                         arrival time                           1.872    
  -------------------------------------------------------------------
                         slack                                  0.306    

Slack (MET) :             0.343ns  (arrival time - required time)
  Source:                 FSM_onehot_state_reg[1]/C
                            (rising edge-triggered cell FDCE clocked by sys_clk_pin  {rise@0.000ns fall@5.000ns period=10.000ns})
  Destination:            FSM_onehot_state_reg[2]/D
                            (rising edge-triggered cell FDCE clocked by sys_clk_pin  {rise@0.000ns fall@5.000ns period=10.000ns})
  Path Group:             sys_clk_pin
  Path Type:              Hold (Min at Fast Process Corner)
  Requirement:            0.000ns  (sys_clk_pin rise@0.000ns - sys_clk_pin rise@0.000ns)
  Data Path Delay:        0.435ns  (logic 0.186ns (42.769%)  route 0.249ns (57.231%))
  Logic Levels:           1  (LUT4=1)
  Clock Path Skew:        0.000ns (DCD - SCD - CPR)
    Destination Clock Delay (DCD):    1.988ns
    Source Clock Delay      (SCD):    1.474ns
    Clock Pessimism Removal (CPR):    0.514ns

    Location             Delay type                Incr(ns)  Path(ns)    Netlist Resource(s)
  -------------------------------------------------------------------    -------------------
                         (clock sys_clk_pin rise edge)
                                                      0.000     0.000 r  
    W5                                                0.000     0.000 r  clk (IN)
                         net (fo=0)                   0.000     0.000    clk
    W5                   IBUF (Prop_ibuf_I_O)         0.226     0.226 r  clk_IBUF_inst/O
                         net (fo=1, routed)           0.631     0.858    clk_IBUF
    BUFGCTRL_X0Y0        BUFG (Prop_bufg_I_O)         0.026     0.884 r  clk_IBUF_BUFG_inst/O
                         net (fo=3, routed)           0.591     1.474    clk_IBUF_BUFG
    SLICE_X0Y14          FDCE                                         r  FSM_onehot_state_reg[1]/C
  -------------------------------------------------------------------    -------------------
    SLICE_X0Y14          FDCE (Prop_fdce_C_Q)         0.141     1.615 r  FSM_onehot_state_reg[1]/Q
                         net (fo=3, routed)           0.249     1.864    led_OBUF[1]
    SLICE_X0Y14          LUT4 (Prop_lut4_I0_O)        0.045     1.909 r  FSM_onehot_state[2]_i_2/O
                         net (fo=1, routed)           0.000     1.909    FSM_onehot_state[2]_i_2_n_0
    SLICE_X0Y14          FDCE                                         r  FSM_onehot_state_reg[2]/D
  -------------------------------------------------------------------    -------------------

                         (clock sys_clk_pin rise edge)
                                                      0.000     0.000 r  
    W5                                                0.000     0.000 r  clk (IN)
                         net (fo=0)                   0.000     0.000    clk
    W5                   IBUF (Prop_ibuf_I_O)         0.414     0.414 r  clk_IBUF_inst/O
                         net (fo=1, routed)           0.685     1.099    clk_IBUF
    BUFGCTRL_X0Y0        BUFG (Prop_bufg_I_O)         0.029     1.128 r  clk_IBUF_BUFG_inst/O
                         net (fo=3, routed)           0.861     1.988    clk_IBUF_BUFG
    SLICE_X0Y14          FDCE                                         r  FSM_onehot_state_reg[2]/C
                         clock pessimism             -0.514     1.474    
    SLICE_X0Y14          FDCE (Hold_fdce_C_D)         0.092     1.566    FSM_onehot_state_reg[2]
  -------------------------------------------------------------------
                         required time                         -1.566    
                         arrival time                           1.909    
  -------------------------------------------------------------------
                         slack                                  0.343    

Slack (MET) :             0.352ns  (arrival time - required time)
  Source:                 FSM_onehot_state_reg[2]/C
                            (rising edge-triggered cell FDCE clocked by sys_clk_pin  {rise@0.000ns fall@5.000ns period=10.000ns})
  Destination:            FSM_onehot_state_reg[0]/D
                            (rising edge-triggered cell FDPE clocked by sys_clk_pin  {rise@0.000ns fall@5.000ns period=10.000ns})
  Path Group:             sys_clk_pin
  Path Type:              Hold (Min at Fast Process Corner)
  Requirement:            0.000ns  (sys_clk_pin rise@0.000ns - sys_clk_pin rise@0.000ns)
  Data Path Delay:        0.443ns  (logic 0.186ns (41.953%)  route 0.257ns (58.047%))
  Logic Levels:           1  (LUT4=1)
  Clock Path Skew:        0.000ns (DCD - SCD - CPR)
    Destination Clock Delay (DCD):    1.988ns
    Source Clock Delay      (SCD):    1.474ns
    Clock Pessimism Removal (CPR):    0.514ns

    Location             Delay type                Incr(ns)  Path(ns)    Netlist Resource(s)
  -------------------------------------------------------------------    -------------------
                         (clock sys_clk_pin rise edge)
                                                      0.000     0.000 r  
    W5                                                0.000     0.000 r  clk (IN)
                         net (fo=0)                   0.000     0.000    clk
    W5                   IBUF (Prop_ibuf_I_O)         0.226     0.226 r  clk_IBUF_inst/O
                         net (fo=1, routed)           0.631     0.858    clk_IBUF
    BUFGCTRL_X0Y0        BUFG (Prop_bufg_I_O)         0.026     0.884 r  clk_IBUF_BUFG_inst/O
                         net (fo=3, routed)           0.591     1.474    clk_IBUF_BUFG
    SLICE_X0Y14          FDCE                                         r  FSM_onehot_state_reg[2]/C
  -------------------------------------------------------------------    -------------------
    SLICE_X0Y14          FDCE (Prop_fdce_C_Q)         0.141     1.615 r  FSM_onehot_state_reg[2]/Q
                         net (fo=5, routed)           0.257     1.872    led_OBUF[0]
    SLICE_X0Y14          LUT4 (Prop_lut4_I0_O)        0.045     1.917 r  FSM_onehot_state[0]_i_1/O
                         net (fo=1, routed)           0.000     1.917    FSM_onehot_state[0]_i_1_n_0
    SLICE_X0Y14          FDPE                                         r  FSM_onehot_state_reg[0]/D
  -------------------------------------------------------------------    -------------------

                         (clock sys_clk_pin rise edge)
                                                      0.000     0.000 r  
    W5                                                0.000     0.000 r  clk (IN)
                         net (fo=0)                   0.000     0.000    clk
    W5                   IBUF (Prop_ibuf_I_O)         0.414     0.414 r  clk_IBUF_inst/O
                         net (fo=1, routed)           0.685     1.099    clk_IBUF
    BUFGCTRL_X0Y0        BUFG (Prop_bufg_I_O)         0.029     1.128 r  clk_IBUF_BUFG_inst/O
                         net (fo=3, routed)           0.861     1.988    clk_IBUF_BUFG
    SLICE_X0Y14          FDPE                                         r  FSM_onehot_state_reg[0]/C
                         clock pessimism             -0.514     1.474    
    SLICE_X0Y14          FDPE (Hold_fdpe_C_D)         0.091     1.565    FSM_onehot_state_reg[0]
  -------------------------------------------------------------------
                         required time                         -1.565    
                         arrival time                           1.917    
  -------------------------------------------------------------------
                         slack                                  0.352    

Slack (MET) :             0.476ns  (arrival time - required time)
  Source:                 FSM_onehot_state_reg[0]/C
                            (rising edge-triggered cell FDPE clocked by sys_clk_pin  {rise@0.000ns fall@5.000ns period=10.000ns})
  Destination:            FSM_onehot_state_reg[0]/CE
                            (rising edge-triggered cell FDPE clocked by sys_clk_pin  {rise@0.000ns fall@5.000ns period=10.000ns})
  Path Group:             sys_clk_pin
  Path Type:              Hold (Min at Fast Process Corner)
  Requirement:            0.000ns  (sys_clk_pin rise@0.000ns - sys_clk_pin rise@0.000ns)
  Data Path Delay:        0.437ns  (logic 0.186ns (42.579%)  route 0.251ns (57.421%))
  Logic Levels:           1  (LUT6=1)
  Clock Path Skew:        0.000ns (DCD - SCD - CPR)
    Destination Clock Delay (DCD):    1.988ns
    Source Clock Delay      (SCD):    1.474ns
    Clock Pessimism Removal (CPR):    0.514ns

    Location             Delay type                Incr(ns)  Path(ns)    Netlist Resource(s)
  -------------------------------------------------------------------    -------------------
                         (clock sys_clk_pin rise edge)
                                                      0.000     0.000 r  
    W5                                                0.000     0.000 r  clk (IN)
                         net (fo=0)                   0.000     0.000    clk
    W5                   IBUF (Prop_ibuf_I_O)         0.226     0.226 r  clk_IBUF_inst/O
                         net (fo=1, routed)           0.631     0.858    clk_IBUF
    BUFGCTRL_X0Y0        BUFG (Prop_bufg_I_O)         0.026     0.884 r  clk_IBUF_BUFG_inst/O
                         net (fo=3, routed)           0.591     1.474    clk_IBUF_BUFG
    SLICE_X0Y14          FDPE                                         r  FSM_onehot_state_reg[0]/C
  -------------------------------------------------------------------    -------------------
    SLICE_X0Y14          FDPE (Prop_fdpe_C_Q)         0.141     1.615 r  FSM_onehot_state_reg[0]/Q
                         net (fo=2, routed)           0.135     1.750    FSM_onehot_state_reg_n_0_[0]
    SLICE_X0Y14          LUT6 (Prop_lut6_I1_O)        0.045     1.795 r  FSM_onehot_state[2]_i_1/O
                         net (fo=3, routed)           0.116     1.911    FSM_onehot_state[2]_i_1_n_0
    SLICE_X0Y14          FDPE                                         r  FSM_onehot_state_reg[0]/CE
  -------------------------------------------------------------------    -------------------

                         (clock sys_clk_pin rise edge)
                                                      0.000     0.000 r  
    W5                                                0.000     0.000 r  clk (IN)
                         net (fo=0)                   0.000     0.000    clk
    W5                   IBUF (Prop_ibuf_I_O)         0.414     0.414 r  clk_IBUF_inst/O
                         net (fo=1, routed)           0.685     1.099    clk_IBUF
    BUFGCTRL_X0Y0        BUFG (Prop_bufg_I_O)         0.029     1.128 r  clk_IBUF_BUFG_inst/O
                         net (fo=3, routed)           0.861     1.988    clk_IBUF_BUFG
    SLICE_X0Y14          FDPE                                         r  FSM_onehot_state_reg[0]/C
                         clock pessimism             -0.514     1.474    
    SLICE_X0Y14          FDPE (Hold_fdpe_C_CE)       -0.039     1.435    FSM_onehot_state_reg[0]
  -------------------------------------------------------------------
                         required time                         -1.435    
                         arrival time                           1.911    
  -------------------------------------------------------------------
                         slack                                  0.476    

Slack (MET) :             0.476ns  (arrival time - required time)
  Source:                 FSM_onehot_state_reg[0]/C
                            (rising edge-triggered cell FDPE clocked by sys_clk_pin  {rise@0.000ns fall@5.000ns period=10.000ns})
  Destination:            FSM_onehot_state_reg[1]/CE
                            (rising edge-triggered cell FDCE clocked by sys_clk_pin  {rise@0.000ns fall@5.000ns period=10.000ns})
  Path Group:             sys_clk_pin
  Path Type:              Hold (Min at Fast Process Corner)
  Requirement:            0.000ns  (sys_clk_pin rise@0.000ns - sys_clk_pin rise@0.000ns)
  Data Path Delay:        0.437ns  (logic 0.186ns (42.579%)  route 0.251ns (57.421%))
  Logic Levels:           1  (LUT6=1)
  Clock Path Skew:        0.000ns (DCD - SCD - CPR)
    Destination Clock Delay (DCD):    1.988ns
    Source Clock Delay      (SCD):    1.474ns
    Clock Pessimism Removal (CPR):    0.514ns

    Location             Delay type                Incr(ns)  Path(ns)    Netlist Resource(s)
  -------------------------------------------------------------------    -------------------
                         (clock sys_clk_pin rise edge)
                                                      0.000     0.000 r  
    W5                                                0.000     0.000 r  clk (IN)
                         net (fo=0)                   0.000     0.000    clk
    W5                   IBUF (Prop_ibuf_I_O)         0.226     0.226 r  clk_IBUF_inst/O
                         net (fo=1, routed)           0.631     0.858    clk_IBUF
    BUFGCTRL_X0Y0        BUFG (Prop_bufg_I_O)         0.026     0.884 r  clk_IBUF_BUFG_inst/O
                         net (fo=3, routed)           0.591     1.474    clk_IBUF_BUFG
    SLICE_X0Y14          FDPE                                         r  FSM_onehot_state_reg[0]/C
  -------------------------------------------------------------------    -------------------
    SLICE_X0Y14          FDPE (Prop_fdpe_C_Q)         0.141     1.615 r  FSM_onehot_state_reg[0]/Q
                         net (fo=2, routed)           0.135     1.750    FSM_onehot_state_reg_n_0_[0]
    SLICE_X0Y14          LUT6 (Prop_lut6_I1_O)        0.045     1.795 r  FSM_onehot_state[2]_i_1/O
                         net (fo=3, routed)           0.116     1.911    FSM_onehot_state[2]_i_1_n_0
    SLICE_X0Y14          FDCE                                         r  FSM_onehot_state_reg[1]/CE
  -------------------------------------------------------------------    -------------------

                         (clock sys_clk_pin rise edge)
                                                      0.000     0.000 r  
    W5                                                0.000     0.000 r  clk (IN)
                         net (fo=0)                   0.000     0.000    clk
    W5                   IBUF (Prop_ibuf_I_O)         0.414     0.414 r  clk_IBUF_inst/O
                         net (fo=1, routed)           0.685     1.099    clk_IBUF
    BUFGCTRL_X0Y0        BUFG (Prop_bufg_I_O)         0.029     1.128 r  clk_IBUF_BUFG_inst/O
                         net (fo=3, routed)           0.861     1.988    clk_IBUF_BUFG
    SLICE_X0Y14          FDCE                                         r  FSM_onehot_state_reg[1]/C
                         clock pessimism             -0.514     1.474    
    SLICE_X0Y14          FDCE (Hold_fdce_C_CE)       -0.039     1.435    FSM_onehot_state_reg[1]
  -------------------------------------------------------------------
                         required time                         -1.435    
                         arrival time                           1.911    
  -------------------------------------------------------------------
                         slack                                  0.476    

Slack (MET) :             0.476ns  (arrival time - required time)
  Source:                 FSM_onehot_state_reg[0]/C
                            (rising edge-triggered cell FDPE clocked by sys_clk_pin  {rise@0.000ns fall@5.000ns period=10.000ns})
  Destination:            FSM_onehot_state_reg[2]/CE
                            (rising edge-triggered cell FDCE clocked by sys_clk_pin  {rise@0.000ns fall@5.000ns period=10.000ns})
  Path Group:             sys_clk_pin
  Path Type:              Hold (Min at Fast Process Corner)
  Requirement:            0.000ns  (sys_clk_pin rise@0.000ns - sys_clk_pin rise@0.000ns)
  Data Path Delay:        0.437ns  (logic 0.186ns (42.579%)  route 0.251ns (57.421%))
  Logic Levels:           1  (LUT6=1)
  Clock Path Skew:        0.000ns (DCD - SCD - CPR)
    Destination Clock Delay (DCD):    1.988ns
    Source Clock Delay      (SCD):    1.474ns
    Clock Pessimism Removal (CPR):    0.514ns

    Location             Delay type                Incr(ns)  Path(ns)    Netlist Resource(s)
  -------------------------------------------------------------------    -------------------
                         (clock sys_clk_pin rise edge)
                                                      0.000     0.000 r  
    W5                                                0.000     0.000 r  clk (IN)
                         net (fo=0)                   0.000     0.000    clk
    W5                   IBUF (Prop_ibuf_I_O)         0.226     0.226 r  clk_IBUF_inst/O
                         net (fo=1, routed)           0.631     0.858    clk_IBUF
    BUFGCTRL_X0Y0        BUFG (Prop_bufg_I_O)         0.026     0.884 r  clk_IBUF_BUFG_inst/O
                         net (fo=3, routed)           0.591     1.474    clk_IBUF_BUFG
    SLICE_X0Y14          FDPE                                         r  FSM_onehot_state_reg[0]/C
  -------------------------------------------------------------------    -------------------
    SLICE_X0Y14          FDPE (Prop_fdpe_C_Q)         0.141     1.615 r  FSM_onehot_state_reg[0]/Q
                         net (fo=2, routed)           0.135     1.750    FSM_onehot_state_reg_n_0_[0]
    SLICE_X0Y14          LUT6 (Prop_lut6_I1_O)        0.045     1.795 r  FSM_onehot_state[2]_i_1/O
                         net (fo=3, routed)           0.116     1.911    FSM_onehot_state[2]_i_1_n_0
    SLICE_X0Y14          FDCE                                         r  FSM_onehot_state_reg[2]/CE
  -------------------------------------------------------------------    -------------------

                         (clock sys_clk_pin rise edge)
                                                      0.000     0.000 r  
    W5                                                0.000     0.000 r  clk (IN)
                         net (fo=0)                   0.000     0.000    clk
    W5                   IBUF (Prop_ibuf_I_O)         0.414     0.414 r  clk_IBUF_inst/O
                         net (fo=1, routed)           0.685     1.099    clk_IBUF
    BUFGCTRL_X0Y0        BUFG (Prop_bufg_I_O)         0.029     1.128 r  clk_IBUF_BUFG_inst/O
                         net (fo=3, routed)           0.861     1.988    clk_IBUF_BUFG
    SLICE_X0Y14          FDCE                                         r  FSM_onehot_state_reg[2]/C
                         clock pessimism             -0.514     1.474    
    SLICE_X0Y14          FDCE (Hold_fdce_C_CE)       -0.039     1.435    FSM_onehot_state_reg[2]
  -------------------------------------------------------------------
                         required time                         -1.435    
                         arrival time                           1.911    
  -------------------------------------------------------------------
                         slack                                  0.476    





Pulse Width Checks
--------------------------------------------------------------------------------------
Clock Name:         sys_clk_pin
Waveform(ns):       { 0.000 5.000 }
Period(ns):         10.000
Sources:            { clk }

Check Type        Corner  Lib Pin  Reference Pin  Required(ns)  Actual(ns)  Slack(ns)  Location       Pin
Min Period        n/a     BUFG/I   n/a            2.155         10.000      7.845      BUFGCTRL_X0Y0  clk_IBUF_BUFG_inst/I
Min Period        n/a     FDPE/C   n/a            1.000         10.000      9.000      SLICE_X0Y14    FSM_onehot_state_reg[0]/C
Min Period        n/a     FDCE/C   n/a            1.000         10.000      9.000      SLICE_X0Y14    FSM_onehot_state_reg[1]/C
Min Period        n/a     FDCE/C   n/a            1.000         10.000      9.000      SLICE_X0Y14    FSM_onehot_state_reg[2]/C
Low Pulse Width   Fast    FDPE/C   n/a            0.500         5.000       4.500      SLICE_X0Y14    FSM_onehot_state_reg[0]/C
Low Pulse Width   Fast    FDCE/C   n/a            0.500         5.000       4.500      SLICE_X0Y14    FSM_onehot_state_reg[1]/C
Low Pulse Width   Fast    FDCE/C   n/a            0.500         5.000       4.500      SLICE_X0Y14    FSM_onehot_state_reg[2]/C
Low Pulse Width   Slow    FDPE/C   n/a            0.500         5.000       4.500      SLICE_X0Y14    FSM_onehot_state_reg[0]/C
Low Pulse Width   Slow    FDCE/C   n/a            0.500         5.000       4.500      SLICE_X0Y14    FSM_onehot_state_reg[1]/C
Low Pulse Width   Slow    FDCE/C   n/a            0.500         5.000       4.500      SLICE_X0Y14    FSM_onehot_state_reg[2]/C
High Pulse Width  Slow    FDPE/C   n/a            0.500         5.000       4.500      SLICE_X0Y14    FSM_onehot_state_reg[0]/C
High Pulse Width  Fast    FDPE/C   n/a            0.500         5.000       4.500      SLICE_X0Y14    FSM_onehot_state_reg[0]/C
High Pulse Width  Slow    FDCE/C   n/a            0.500         5.000       4.500      SLICE_X0Y14    FSM_onehot_state_reg[1]/C
High Pulse Width  Fast    FDCE/C   n/a            0.500         5.000       4.500      SLICE_X0Y14    FSM_onehot_state_reg[1]/C
High Pulse Width  Slow    FDCE/C   n/a            0.500         5.000       4.500      SLICE_X0Y14    FSM_onehot_state_reg[2]/C
High Pulse Width  Fast    FDCE/C   n/a            0.500         5.000       4.500      SLICE_X0Y14    FSM_onehot_state_reg[2]/C



