Copyright 1986-2020 Xilinx, Inc. All Rights Reserved.
--------------------------------------------------------------------------------------
| Tool Version : Vivado v.2020.2 (win64) Build 3064766 Wed Nov 18 09:12:45 MST 2020
<<<<<<< HEAD
| Date         : Thu Mar 27 15:24:01 2025
| Host         : DESKTOP-7CFQ9ND running 64-bit major release  (build 9200)
=======
| Date         : Wed Mar 26 22:37:21 2025
| Host         : DESKTOP-5KDKKP9 running 64-bit major release  (build 9200)
>>>>>>> 2654ea6fb5fde984a5fccdd9b31d0c543b7a99fb
| Command      : report_control_sets -verbose -file Top_DHT11_control_sets_placed.rpt
| Design       : Top_DHT11
| Device       : xc7a35t
--------------------------------------------------------------------------------------

Control Set Information

Table of Contents
-----------------
1. Summary
2. Histogram
3. Flip-Flop Distribution
4. Detailed Control Set Information

1. Summary
----------

+----------------------------------------------------------+-------+
|                          Status                          | Count |
+----------------------------------------------------------+-------+
<<<<<<< HEAD
| Total control sets                                       |     8 |
|    Minimum number of control sets                        |     8 |
|    Addition due to synthesis replication                 |     0 |
|    Addition due to physical synthesis replication        |     0 |
| Unused register locations in slices containing registers |    17 |
=======
| Total control sets                                       |     5 |
|    Minimum number of control sets                        |     5 |
|    Addition due to synthesis replication                 |     0 |
|    Addition due to physical synthesis replication        |     0 |
| Unused register locations in slices containing registers |    16 |
>>>>>>> 2654ea6fb5fde984a5fccdd9b31d0c543b7a99fb
+----------------------------------------------------------+-------+
* Control sets can be merged at opt_design using control_set_merge or merge_equivalent_drivers
** Run report_qor_suggestions for automated merging and remapping suggestions


2. Histogram
------------

+--------------------+-------+
|       Fanout       | Count |
+--------------------+-------+
<<<<<<< HEAD
| Total control sets |     8 |
| >= 0 to < 4        |     2 |
=======
| Total control sets |     5 |
| >= 0 to < 4        |     1 |
>>>>>>> 2654ea6fb5fde984a5fccdd9b31d0c543b7a99fb
| >= 4 to < 6        |     0 |
| >= 6 to < 8        |     1 |
| >= 8 to < 10       |     1 |
| >= 10 to < 12      |     0 |
<<<<<<< HEAD
| >= 12 to < 14      |     0 |
| >= 14 to < 16      |     1 |
| >= 16              |     3 |
=======
| >= 12 to < 14      |     1 |
| >= 14 to < 16      |     0 |
| >= 16              |     1 |
>>>>>>> 2654ea6fb5fde984a5fccdd9b31d0c543b7a99fb
+--------------------+-------+
* Control sets can be remapped at either synth_design or opt_design


3. Flip-Flop Distribution
-------------------------

+--------------+-----------------------+------------------------+-----------------+--------------+
| Clock Enable | Synchronous Set/Reset | Asynchronous Set/Reset | Total Registers | Total Slices |
+--------------+-----------------------+------------------------+-----------------+--------------+
| No           | No                    | No                     |               0 |            0 |
<<<<<<< HEAD
| No           | No                    | Yes                    |              58 |           21 |
| No           | Yes                   | No                     |               0 |            0 |
| Yes          | No                    | No                     |               0 |            0 |
| Yes          | No                    | Yes                    |              85 |           25 |
=======
| No           | No                    | Yes                    |              61 |           21 |
| No           | Yes                   | No                     |               0 |            0 |
| Yes          | No                    | No                     |               0 |            0 |
| Yes          | No                    | Yes                    |              19 |            9 |
>>>>>>> 2654ea6fb5fde984a5fccdd9b31d0c543b7a99fb
| Yes          | Yes                   | No                     |               0 |            0 |
+--------------+-----------------------+------------------------+-----------------+--------------+


4. Detailed Control Set Information
-----------------------------------

+--------------------------+---------------------------------------+------------------+------------------+----------------+--------------+
|       Clock Signal       |             Enable Signal             | Set/Reset Signal | Slice Load Count | Bel Load Count | Bels / Slice |
+--------------------------+---------------------------------------+------------------+------------------+----------------+--------------+
<<<<<<< HEAD
|  clk_IBUF_BUFG           | U_DNT_CTRL/led_next                   | reset_IBUF       |                1 |              1 |         1.00 |
|  U_FND/U_Clk_Divider/CLK |                                       | reset_IBUF       |                1 |              2 |         2.00 |
|  clk_IBUF_BUFG           | U_DNT_CTRL/next                       | reset_IBUF       |                3 |              7 |         2.33 |
|  U_btn/r_1khz            |                                       | reset_IBUF       |                4 |              8 |         2.00 |
|  clk_IBUF_BUFG           | U_DNT_CTRL/tick_count_reg[14]_i_1_n_0 | reset_IBUF       |                5 |             15 |         3.00 |
|  clk_IBUF_BUFG           | U_DNT_CTRL/humi_next                  | reset_IBUF       |                7 |             16 |         2.29 |
|  clk_IBUF_BUFG           | U_DNT_CTRL/data_next                  | reset_IBUF       |                9 |             46 |         5.11 |
|  clk_IBUF_BUFG           |                                       | reset_IBUF       |               16 |             48 |         3.00 |
=======
|  U_FND/U_Clk_Divider/CLK |                                       | reset_IBUF       |                1 |              2 |         2.00 |
|  clk_IBUF_BUFG           | U_DNT_CTRL/next                       | reset_IBUF       |                3 |              7 |         2.33 |
|  U_btn/r_1khz            |                                       | reset_IBUF       |                3 |              8 |         2.67 |
|  clk_IBUF_BUFG           | U_DNT_CTRL/tick_count_reg[11]_i_1_n_0 | reset_IBUF       |                6 |             12 |         2.00 |
|  clk_IBUF_BUFG           |                                       | reset_IBUF       |               17 |             51 |         3.00 |
>>>>>>> 2654ea6fb5fde984a5fccdd9b31d0c543b7a99fb
+--------------------------+---------------------------------------+------------------+------------------+----------------+--------------+


